[36m[2020-02-23 14:40:41,693] [logger.py:95] [logger:__console] [DEBUG]- ---æµ‹è¯•å¼€å§‹----[0m
[32m[2020-02-23 14:40:41,694] [logger.py:93] [logger:__console] [INFO]- æ“ä½œæ­¥éª¤[0m
[33m[2020-02-23 14:40:41,695] [logger.py:97] [logger:__console] [WARNING]- ----æµ‹è¯•ç»“æŸ----[0m
[31m[2020-02-23 14:40:41,696] [logger.py:99] [logger:__console] [ERROR]- ----æµ‹è¯•é”™è¯¯----[0m
[32m[2020-02-23 14:44:47,522] [logger.py:93] [logger:__console] [INFO]- ###########################å¼€å§‹æ‰§è¡Œæµ‹è¯•###########################[0m
[32m[2020-02-23 14:44:47,530] [logger.py:93] [logger:__console] [INFO]- ###########################å¼€å§‹æ‰§è¡Œæµ‹è¯•###########################[0m
[32m[2020-02-23 14:44:47,540] [logger.py:93] [logger:__console] [INFO]- ###########################å¼€å§‹æ‰§è¡Œæµ‹è¯•###########################[0m
[32m[2020-02-23 14:44:47,548] [logger.py:93] [logger:__console] [INFO]- ###########################å¼€å§‹æ‰§è¡Œæµ‹è¯•###########################[0m
[32m[2020-02-23 14:44:47,557] [logger.py:93] [logger:__console] [INFO]- ###########################å¼€å§‹æ‰§è¡Œæµ‹è¯•###########################[0m
[32m[2020-02-23 14:45:01,502] [logger.py:93] [logger:__console] [INFO]- ###########################å¼€å§‹æ‰§è¡Œæµ‹è¯•###########################[0m
[32m[2020-02-23 14:45:01,510] [logger.py:93] [logger:__console] [INFO]- ########æ¥å£è¿”å›æ•°æ®:{'status': 10021, 'message': 'å‚æ•°é”™è¯¯'}#########[0m
[32m[2020-02-23 14:45:01,511] [logger.py:93] [logger:__console] [INFO]- ###########################å¼€å§‹æ‰§è¡Œæµ‹è¯•###########################[0m
[32m[2020-02-23 14:45:01,520] [logger.py:93] [logger:__console] [INFO]- æ¥å£è¿”å›æ•°æ®:{'status': 10024, 'message': 'å¼€å§‹æ—¥æœŸæ ¼å¼é”™è¯¯ï¼Œå¿…é¡»æ˜¯:YYYY-MM-DD HH:MM:SS'}[0m
[32m[2020-02-23 14:45:01,521] [logger.py:93] [logger:__console] [INFO]- ###########################å¼€å§‹æ‰§è¡Œæµ‹è¯•###########################[0m
[32m[2020-02-23 14:45:01,528] [logger.py:93] [logger:__console] [INFO]- ######æ¥å£è¿”å›æ•°æ®:{'status': 10022, 'message': 'å‘å¸ƒä¼šidå·²å­˜åœ¨'}#######[0m
[32m[2020-02-23 14:45:01,529] [logger.py:93] [logger:__console] [INFO]- ###########################å¼€å§‹æ‰§è¡Œæµ‹è¯•###########################[0m
[32m[2020-02-23 14:45:01,537] [logger.py:93] [logger:__console] [INFO]- ######æ¥å£è¿”å›æ•°æ®:{'status': 10023, 'message': 'å‘å¸ƒä¼šåç§°å·²å­˜åœ¨'}#######[0m
[32m[2020-02-23 14:45:01,538] [logger.py:93] [logger:__console] [INFO]- ###########################å¼€å§‹æ‰§è¡Œæµ‹è¯•###########################[0m
[32m[2020-02-23 14:45:01,547] [logger.py:93] [logger:__console] [INFO]- #########æ¥å£è¿”å›æ•°æ®:{'status': 200, 'message': 'æ·»åŠ æˆåŠŸ'}##########[0m
[32m[2020-02-23 14:45:23,068] [logger.py:93] [logger:__console] [INFO]- ###########################å¼€å§‹æ‰§è¡Œæµ‹è¯•###########################[0m
[32m[2020-02-23 14:45:23,076] [logger.py:93] [logger:__console] [INFO]- ########æ¥å£è¿”å›æ•°æ®:{'status': 10021, 'message': 'å‚æ•°é”™è¯¯'}#########[0m
[32m[2020-02-23 14:45:23,077] [logger.py:93] [logger:__console] [INFO]- ###########################æµ‹è¯•æ‰§è¡Œç»“æŸ###########################[0m
[32m[2020-02-23 14:45:23,078] [logger.py:93] [logger:__console] [INFO]- ###########################å¼€å§‹æ‰§è¡Œæµ‹è¯•###########################[0m
[32m[2020-02-23 14:45:23,088] [logger.py:93] [logger:__console] [INFO]- æ¥å£è¿”å›æ•°æ®:{'status': 10024, 'message': 'å¼€å§‹æ—¥æœŸæ ¼å¼é”™è¯¯ï¼Œå¿…é¡»æ˜¯:YYYY-MM-DD HH:MM:SS'}[0m
[32m[2020-02-23 14:45:23,088] [logger.py:93] [logger:__console] [INFO]- ###########################æµ‹è¯•æ‰§è¡Œç»“æŸ###########################[0m
[32m[2020-02-23 14:45:23,089] [logger.py:93] [logger:__console] [INFO]- ###########################å¼€å§‹æ‰§è¡Œæµ‹è¯•###########################[0m
[32m[2020-02-23 14:45:23,097] [logger.py:93] [logger:__console] [INFO]- ######æ¥å£è¿”å›æ•°æ®:{'status': 10022, 'message': 'å‘å¸ƒä¼šidå·²å­˜åœ¨'}#######[0m
[32m[2020-02-23 14:45:23,098] [logger.py:93] [logger:__console] [INFO]- ###########################æµ‹è¯•æ‰§è¡Œç»“æŸ###########################[0m
[32m[2020-02-23 14:45:23,099] [logger.py:93] [logger:__console] [INFO]- ###########################å¼€å§‹æ‰§è¡Œæµ‹è¯•###########################[0m
[32m[2020-02-23 14:45:23,107] [logger.py:93] [logger:__console] [INFO]- ######æ¥å£è¿”å›æ•°æ®:{'status': 10023, 'message': 'å‘å¸ƒä¼šåç§°å·²å­˜åœ¨'}#######[0m
[32m[2020-02-23 14:45:23,108] [logger.py:93] [logger:__console] [INFO]- ###########################æµ‹è¯•æ‰§è¡Œç»“æŸ###########################[0m
[32m[2020-02-23 14:45:23,109] [logger.py:93] [logger:__console] [INFO]- ###########################å¼€å§‹æ‰§è¡Œæµ‹è¯•###########################[0m
[32m[2020-02-23 14:45:23,119] [logger.py:93] [logger:__console] [INFO]- #########æ¥å£è¿”å›æ•°æ®:{'status': 200, 'message': 'æ·»åŠ æˆåŠŸ'}##########[0m
[32m[2020-02-23 14:45:23,119] [logger.py:93] [logger:__console] [INFO]- ###########################æµ‹è¯•æ‰§è¡Œç»“æŸ###########################[0m
[32m[2020-02-23 14:47:05,706] [logger.py:93] [logger:__console] [INFO]- ###########################å¼€å§‹æ‰§è¡Œæµ‹è¯•###########################[0m
[32m[2020-02-23 14:47:05,714] [logger.py:93] [logger:__console] [INFO]- ########æ¥å£è¿”å›æ•°æ®:{'status': 10021, 'message': 'å‚æ•°é”™è¯¯'}#########[0m
[32m[2020-02-23 14:47:05,715] [logger.py:93] [logger:__console] [INFO]- ###########################æµ‹è¯•æ‰§è¡Œç»“æŸ###########################[0m
[32m[2020-02-23 14:47:05,715] [logger.py:93] [logger:__console] [INFO]- ###########################å¼€å§‹æ‰§è¡Œæµ‹è¯•###########################[0m
[32m[2020-02-23 14:47:05,724] [logger.py:93] [logger:__console] [INFO]- æ¥å£è¿”å›æ•°æ®:{'status': 10024, 'message': 'å¼€å§‹æ—¥æœŸæ ¼å¼é”™è¯¯ï¼Œå¿…é¡»æ˜¯:YYYY-MM-DD HH:MM:SS'}[0m
[32m[2020-02-23 14:47:05,725] [logger.py:93] [logger:__console] [INFO]- ###########################æµ‹è¯•æ‰§è¡Œç»“æŸ###########################[0m
[32m[2020-02-23 14:47:05,725] [logger.py:93] [logger:__console] [INFO]- ###########################å¼€å§‹æ‰§è¡Œæµ‹è¯•###########################[0m
[32m[2020-02-23 14:47:05,732] [logger.py:93] [logger:__console] [INFO]- ######æ¥å£è¿”å›æ•°æ®:{'status': 10022, 'message': 'å‘å¸ƒä¼šidå·²å­˜åœ¨'}#######[0m
[32m[2020-02-23 14:47:05,733] [logger.py:93] [logger:__console] [INFO]- ###########################æµ‹è¯•æ‰§è¡Œç»“æŸ###########################[0m
[32m[2020-02-23 14:47:05,734] [logger.py:93] [logger:__console] [INFO]- ###########################å¼€å§‹æ‰§è¡Œæµ‹è¯•###########################[0m
[32m[2020-02-23 14:47:05,741] [logger.py:93] [logger:__console] [INFO]- ######æ¥å£è¿”å›æ•°æ®:{'status': 10023, 'message': 'å‘å¸ƒä¼šåç§°å·²å­˜åœ¨'}#######[0m
[32m[2020-02-23 14:47:05,742] [logger.py:93] [logger:__console] [INFO]- ###########################æµ‹è¯•æ‰§è¡Œç»“æŸ###########################[0m
[32m[2020-02-23 14:47:05,743] [logger.py:93] [logger:__console] [INFO]- ###########################å¼€å§‹æ‰§è¡Œæµ‹è¯•###########################[0m
[32m[2020-02-23 14:47:05,755] [logger.py:93] [logger:__console] [INFO]- #########æ¥å£è¿”å›æ•°æ®:{'status': 200, 'message': 'æ·»åŠ æˆåŠŸ'}##########[0m
[32m[2020-02-23 14:47:05,756] [logger.py:93] [logger:__console] [INFO]- ###########################æµ‹è¯•æ‰§è¡Œç»“æŸ###########################[0m
[32m[2020-02-23 14:47:05,839] [logger.py:93] [logger:__console] [INFO]- ###########################å¼€å§‹æ‰§è¡Œæµ‹è¯•###########################[0m
[32m[2020-02-23 14:47:05,843] [logger.py:93] [logger:__console] [INFO]- ########æ¥å£è¿”å›æ•°æ®:{'status': 10021, 'message': 'å‚æ•°é”™è¯¯'}#########[0m
[32m[2020-02-23 14:47:05,844] [logger.py:93] [logger:__console] [INFO]- ###########################æµ‹è¯•æ‰§è¡Œç»“æŸ###########################[0m
[32m[2020-02-23 14:47:05,844] [logger.py:93] [logger:__console] [INFO]- ###########################å¼€å§‹æ‰§è¡Œæµ‹è¯•###########################[0m
[32m[2020-02-23 14:47:05,852] [logger.py:93] [logger:__console] [INFO]- ######æ¥å£è¿”å›æ•°æ®:{'status': 10022, 'message': 'å‘å¸ƒä¼šidä¸å­˜åœ¨'}#######[0m
[32m[2020-02-23 14:47:05,852] [logger.py:93] [logger:__console] [INFO]- ###########################æµ‹è¯•æ‰§è¡Œç»“æŸ###########################[0m
[32m[2020-02-23 14:47:05,853] [logger.py:93] [logger:__console] [INFO]- ###########################å¼€å§‹æ‰§è¡Œæµ‹è¯•###########################[0m
[32m[2020-02-23 14:47:05,861] [logger.py:93] [logger:__console] [INFO]- ######æ¥å£è¿”å›æ•°æ®:{'status': 10026, 'message': 'å˜‰å®¾ä¸å±äºè¯¥å‘å¸ƒä¼š'}######[0m
[32m[2020-02-23 14:47:05,862] [logger.py:93] [logger:__console] [INFO]- ###########################æµ‹è¯•æ‰§è¡Œç»“æŸ###########################[0m
[32m[2020-02-23 14:47:05,863] [logger.py:93] [logger:__console] [INFO]- ###########################å¼€å§‹æ‰§è¡Œæµ‹è¯•###########################[0m
[32m[2020-02-23 14:47:05,872] [logger.py:93] [logger:__console] [INFO]- ########æ¥å£è¿”å›æ•°æ®:{'status': 10027, 'message': 'å˜‰å®¾å·²ç­¾åˆ°'}########[0m
[32m[2020-02-23 14:47:05,872] [logger.py:93] [logger:__console] [INFO]- ###########################æµ‹è¯•æ‰§è¡Œç»“æŸ###########################[0m
[32m[2020-02-23 14:47:05,873] [logger.py:93] [logger:__console] [INFO]- ###########################å¼€å§‹æ‰§è¡Œæµ‹è¯•###########################[0m
[32m[2020-02-23 14:47:05,882] [logger.py:93] [logger:__console] [INFO]- #######æ¥å£è¿”å›æ•°æ®:{'status': 10025, 'message': 'æ‰‹æœºå·ç ä¸å­˜åœ¨'}#######[0m
[32m[2020-02-23 14:47:05,883] [logger.py:93] [logger:__console] [INFO]- ###########################æµ‹è¯•æ‰§è¡Œç»“æŸ###########################[0m
[32m[2020-02-23 14:47:05,883] [logger.py:93] [logger:__console] [INFO]- ###########################å¼€å§‹æ‰§è¡Œæµ‹è¯•###########################[0m
[32m[2020-02-23 14:47:05,892] [logger.py:93] [logger:__console] [INFO]- #######æ¥å£è¿”å›æ•°æ®:{'status': 10023, 'message': 'å‘å¸ƒä¼šæœªå¼€å¯'}########[0m
[32m[2020-02-23 14:47:05,892] [logger.py:93] [logger:__console] [INFO]- ###########################æµ‹è¯•æ‰§è¡Œç»“æŸ###########################[0m
[32m[2020-02-23 14:47:05,893] [logger.py:93] [logger:__console] [INFO]- ###########################å¼€å§‹æ‰§è¡Œæµ‹è¯•###########################[0m
[32m[2020-02-23 14:47:05,904] [logger.py:93] [logger:__console] [INFO]- #########æ¥å£è¿”å›æ•°æ®:{'status': 200, 'message': 'ç­¾åˆ°æˆåŠŸ'}##########[0m
[32m[2020-02-23 14:47:05,905] [logger.py:93] [logger:__console] [INFO]- ###########################æµ‹è¯•æ‰§è¡Œç»“æŸ###########################[0m
[32m[2020-02-23 14:47:05,905] [logger.py:93] [logger:__console] [INFO]- ###########################å¼€å§‹æ‰§è¡Œæµ‹è¯•###########################[0m
[32m[2020-02-23 14:47:05,912] [logger.py:93] [logger:__console] [INFO]- #######æ¥å£è¿”å›æ•°æ®:{'status': 10024, 'message': 'å‘å¸ƒä¼šæ—¶é—´å·²è¿‡'}#######[0m
[32m[2020-02-23 14:47:05,913] [logger.py:93] [logger:__console] [INFO]- ###########################æµ‹è¯•æ‰§è¡Œç»“æŸ###########################[0m
[32m[2020-02-23 14:56:58,224] [logger.py:93] [logger:__console] [INFO]- ###########################å¼€å§‹æ‰§è¡Œæµ‹è¯•###########################[0m
[32m[2020-02-23 14:56:58,232] [logger.py:93] [logger:__console] [INFO]- ########æ¥å£è¿”å›æ•°æ®:{'status': 10021, 'message': 'å‚æ•°é”™è¯¯'}#########[0m
[32m[2020-02-23 14:56:58,233] [logger.py:93] [logger:__console] [INFO]- ###########################æµ‹è¯•æ‰§è¡Œç»“æŸ###########################[0m
[32m[2020-02-23 14:56:58,234] [logger.py:93] [logger:__console] [INFO]- ###########################å¼€å§‹æ‰§è¡Œæµ‹è¯•###########################[0m
[32m[2020-02-23 14:56:58,243] [logger.py:93] [logger:__console] [INFO]- ######æ¥å£è¿”å›æ•°æ®:{'status': 10022, 'message': 'å‘å¸ƒä¼šidä¸å­˜åœ¨'}#######[0m
[32m[2020-02-23 14:56:58,244] [logger.py:93] [logger:__console] [INFO]- ###########################æµ‹è¯•æ‰§è¡Œç»“æŸ###########################[0m
[32m[2020-02-23 14:56:58,245] [logger.py:93] [logger:__console] [INFO]- ###########################å¼€å§‹æ‰§è¡Œæµ‹è¯•###########################[0m
[32m[2020-02-23 14:56:58,253] [logger.py:93] [logger:__console] [INFO]- ######æ¥å£è¿”å›æ•°æ®:{'status': 10026, 'message': 'å˜‰å®¾ä¸å±äºè¯¥å‘å¸ƒä¼š'}######[0m
[32m[2020-02-23 14:56:58,254] [logger.py:93] [logger:__console] [INFO]- ###########################æµ‹è¯•æ‰§è¡Œç»“æŸ###########################[0m
[32m[2020-02-23 14:56:58,255] [logger.py:93] [logger:__console] [INFO]- ###########################å¼€å§‹æ‰§è¡Œæµ‹è¯•###########################[0m
[32m[2020-02-23 14:56:58,263] [logger.py:93] [logger:__console] [INFO]- ########æ¥å£è¿”å›æ•°æ®:{'status': 10027, 'message': 'å˜‰å®¾å·²ç­¾åˆ°'}########[0m
[32m[2020-02-23 14:56:58,264] [logger.py:93] [logger:__console] [INFO]- ###########################æµ‹è¯•æ‰§è¡Œç»“æŸ###########################[0m
[32m[2020-02-23 14:56:58,265] [logger.py:93] [logger:__console] [INFO]- ###########################å¼€å§‹æ‰§è¡Œæµ‹è¯•###########################[0m
[32m[2020-02-23 14:56:58,274] [logger.py:93] [logger:__console] [INFO]- #######æ¥å£è¿”å›æ•°æ®:{'status': 10025, 'message': 'æ‰‹æœºå·ç ä¸å­˜åœ¨'}#######[0m
[32m[2020-02-23 14:56:58,275] [logger.py:93] [logger:__console] [INFO]- ###########################æµ‹è¯•æ‰§è¡Œç»“æŸ###########################[0m
[32m[2020-02-23 14:56:58,275] [logger.py:93] [logger:__console] [INFO]- ###########################å¼€å§‹æ‰§è¡Œæµ‹è¯•###########################[0m
[32m[2020-02-23 14:56:58,283] [logger.py:93] [logger:__console] [INFO]- #######æ¥å£è¿”å›æ•°æ®:{'status': 10023, 'message': 'å‘å¸ƒä¼šæœªå¼€å¯'}########[0m
[32m[2020-02-23 14:56:58,283] [logger.py:93] [logger:__console] [INFO]- ###########################æµ‹è¯•æ‰§è¡Œç»“æŸ###########################[0m
[32m[2020-02-23 14:56:58,284] [logger.py:93] [logger:__console] [INFO]- ###########################å¼€å§‹æ‰§è¡Œæµ‹è¯•###########################[0m
[32m[2020-02-23 14:56:58,296] [logger.py:93] [logger:__console] [INFO]- #########æ¥å£è¿”å›æ•°æ®:{'status': 200, 'message': 'ç­¾åˆ°æˆåŠŸ'}##########[0m
[32m[2020-02-23 14:56:58,296] [logger.py:93] [logger:__console] [INFO]- ###########################æµ‹è¯•æ‰§è¡Œç»“æŸ###########################[0m
[32m[2020-02-23 14:56:58,297] [logger.py:93] [logger:__console] [INFO]- ###########################å¼€å§‹æ‰§è¡Œæµ‹è¯•###########################[0m
[32m[2020-02-23 14:56:58,306] [logger.py:93] [logger:__console] [INFO]- #######æ¥å£è¿”å›æ•°æ®:{'status': 10024, 'message': 'å‘å¸ƒä¼šæ—¶é—´å·²è¿‡'}#######[0m
[32m[2020-02-23 14:56:58,307] [logger.py:93] [logger:__console] [INFO]- ###########################æµ‹è¯•æ‰§è¡Œç»“æŸ###########################[0m
[32m[2020-02-23 14:57:27,973] [logger.py:93] [logger:__console] [INFO]- ###########################å¼€å§‹æ‰§è¡Œæµ‹è¯•###########################[0m
[32m[2020-02-23 14:57:27,980] [logger.py:93] [logger:__console] [INFO]- ########æ¥å£è¿”å›æ•°æ®:{'status': 10021, 'message': 'å‚æ•°é”™è¯¯'}#########[0m
[32m[2020-02-23 14:57:27,981] [logger.py:93] [logger:__console] [INFO]- ###########################æµ‹è¯•æ‰§è¡Œç»“æŸ###########################[0m
[32m[2020-02-23 14:57:27,981] [logger.py:93] [logger:__console] [INFO]- ###########################å¼€å§‹æ‰§è¡Œæµ‹è¯•###########################[0m
[32m[2020-02-23 14:57:27,990] [logger.py:93] [logger:__console] [INFO]- ######æ¥å£è¿”å›æ•°æ®:{'status': 10022, 'message': 'å‘å¸ƒä¼šidä¸å­˜åœ¨'}#######[0m
[32m[2020-02-23 14:57:27,990] [logger.py:93] [logger:__console] [INFO]- ###########################æµ‹è¯•æ‰§è¡Œç»“æŸ###########################[0m
[32m[2020-02-23 14:57:27,991] [logger.py:93] [logger:__console] [INFO]- ###########################å¼€å§‹æ‰§è¡Œæµ‹è¯•###########################[0m
[32m[2020-02-23 14:57:27,998] [logger.py:93] [logger:__console] [INFO]- ######æ¥å£è¿”å›æ•°æ®:{'status': 10026, 'message': 'å˜‰å®¾ä¸å±äºè¯¥å‘å¸ƒä¼š'}######[0m
[32m[2020-02-23 14:57:27,999] [logger.py:93] [logger:__console] [INFO]- ###########################æµ‹è¯•æ‰§è¡Œç»“æŸ###########################[0m
[32m[2020-02-23 14:57:28,000] [logger.py:93] [logger:__console] [INFO]- ###########################å¼€å§‹æ‰§è¡Œæµ‹è¯•###########################[0m
[32m[2020-02-23 14:57:28,009] [logger.py:93] [logger:__console] [INFO]- ########æ¥å£è¿”å›æ•°æ®:{'status': 10027, 'message': 'å˜‰å®¾å·²ç­¾åˆ°'}########[0m
[32m[2020-02-23 14:57:28,009] [logger.py:93] [logger:__console] [INFO]- ###########################æµ‹è¯•æ‰§è¡Œç»“æŸ###########################[0m
[32m[2020-02-23 14:57:28,011] [logger.py:93] [logger:__console] [INFO]- ###########################å¼€å§‹æ‰§è¡Œæµ‹è¯•###########################[0m
[32m[2020-02-23 14:57:28,020] [logger.py:93] [logger:__console] [INFO]- #######æ¥å£è¿”å›æ•°æ®:{'status': 10025, 'message': 'æ‰‹æœºå·ç ä¸å­˜åœ¨'}#######[0m
[32m[2020-02-23 14:57:28,021] [logger.py:93] [logger:__console] [INFO]- ###########################æµ‹è¯•æ‰§è¡Œç»“æŸ###########################[0m
[32m[2020-02-23 14:57:28,022] [logger.py:93] [logger:__console] [INFO]- ###########################å¼€å§‹æ‰§è¡Œæµ‹è¯•###########################[0m
[32m[2020-02-23 14:57:28,029] [logger.py:93] [logger:__console] [INFO]- #######æ¥å£è¿”å›æ•°æ®:{'status': 10023, 'message': 'å‘å¸ƒä¼šæœªå¼€å¯'}########[0m
[32m[2020-02-23 14:57:28,029] [logger.py:93] [logger:__console] [INFO]- ###########################æµ‹è¯•æ‰§è¡Œç»“æŸ###########################[0m
[32m[2020-02-23 14:57:28,030] [logger.py:93] [logger:__console] [INFO]- ###########################å¼€å§‹æ‰§è¡Œæµ‹è¯•###########################[0m
[32m[2020-02-23 14:57:28,043] [logger.py:93] [logger:__console] [INFO]- #########æ¥å£è¿”å›æ•°æ®:{'status': 200, 'message': 'ç­¾åˆ°æˆåŠŸ'}##########[0m
[32m[2020-02-23 14:57:28,044] [logger.py:93] [logger:__console] [INFO]- ###########################æµ‹è¯•æ‰§è¡Œç»“æŸ###########################[0m
[32m[2020-02-23 14:57:28,045] [logger.py:93] [logger:__console] [INFO]- ###########################å¼€å§‹æ‰§è¡Œæµ‹è¯•###########################[0m
[32m[2020-02-23 14:57:28,052] [logger.py:93] [logger:__console] [INFO]- #######æ¥å£è¿”å›æ•°æ®:{'status': 10024, 'message': 'å‘å¸ƒä¼šæ—¶é—´å·²è¿‡'}#######[0m
[32m[2020-02-23 14:57:28,053] [logger.py:93] [logger:__console] [INFO]- ###########################æµ‹è¯•æ‰§è¡Œç»“æŸ###########################[0m
[32m[2020-02-23 14:57:34,780] [logger.py:93] [logger:__console] [INFO]- ###########################å¼€å§‹æ‰§è¡Œæµ‹è¯•###########################[0m
[32m[2020-02-23 14:57:34,789] [logger.py:93] [logger:__console] [INFO]- ########æ¥å£è¿”å›æ•°æ®:{'status': 10021, 'message': 'å‚æ•°é”™è¯¯'}#########[0m
[32m[2020-02-23 14:57:34,790] [logger.py:93] [logger:__console] [INFO]- ###########################æµ‹è¯•æ‰§è¡Œç»“æŸ###########################[0m
[32m[2020-02-23 14:57:34,791] [logger.py:93] [logger:__console] [INFO]- ###########################å¼€å§‹æ‰§è¡Œæµ‹è¯•###########################[0m
[32m[2020-02-23 14:57:34,800] [logger.py:93] [logger:__console] [INFO]- æ¥å£è¿”å›æ•°æ®:{'status': 10024, 'message': 'å¼€å§‹æ—¥æœŸæ ¼å¼é”™è¯¯ï¼Œå¿…é¡»æ˜¯:YYYY-MM-DD HH:MM:SS'}[0m
[32m[2020-02-23 14:57:34,801] [logger.py:93] [logger:__console] [INFO]- ###########################æµ‹è¯•æ‰§è¡Œç»“æŸ###########################[0m
[32m[2020-02-23 14:57:34,802] [logger.py:93] [logger:__console] [INFO]- ###########################å¼€å§‹æ‰§è¡Œæµ‹è¯•###########################[0m
[32m[2020-02-23 14:57:34,809] [logger.py:93] [logger:__console] [INFO]- ######æ¥å£è¿”å›æ•°æ®:{'status': 10022, 'message': 'å‘å¸ƒä¼šidå·²å­˜åœ¨'}#######[0m
[32m[2020-02-23 14:57:34,810] [logger.py:93] [logger:__console] [INFO]- ###########################æµ‹è¯•æ‰§è¡Œç»“æŸ###########################[0m
[32m[2020-02-23 14:57:34,810] [logger.py:93] [logger:__console] [INFO]- ###########################å¼€å§‹æ‰§è¡Œæµ‹è¯•###########################[0m
[32m[2020-02-23 14:57:34,819] [logger.py:93] [logger:__console] [INFO]- ######æ¥å£è¿”å›æ•°æ®:{'status': 10023, 'message': 'å‘å¸ƒä¼šåç§°å·²å­˜åœ¨'}#######[0m
[32m[2020-02-23 14:57:34,820] [logger.py:93] [logger:__console] [INFO]- ###########################æµ‹è¯•æ‰§è¡Œç»“æŸ###########################[0m
[32m[2020-02-23 14:57:34,821] [logger.py:93] [logger:__console] [INFO]- ###########################å¼€å§‹æ‰§è¡Œæµ‹è¯•###########################[0m
[32m[2020-02-23 14:57:34,838] [logger.py:93] [logger:__console] [INFO]- #########æ¥å£è¿”å›æ•°æ®:{'status': 200, 'message': 'æ·»åŠ æˆåŠŸ'}##########[0m
[32m[2020-02-23 14:57:34,839] [logger.py:93] [logger:__console] [INFO]- ###########################æµ‹è¯•æ‰§è¡Œç»“æŸ###########################[0m
[32m[2020-02-23 14:57:34,929] [logger.py:93] [logger:__console] [INFO]- ###########################å¼€å§‹æ‰§è¡Œæµ‹è¯•###########################[0m
[32m[2020-02-23 14:57:34,933] [logger.py:93] [logger:__console] [INFO]- ########æ¥å£è¿”å›æ•°æ®:{'status': 10021, 'message': 'å‚æ•°é”™è¯¯'}#########[0m
[32m[2020-02-23 14:57:34,934] [logger.py:93] [logger:__console] [INFO]- ###########################æµ‹è¯•æ‰§è¡Œç»“æŸ###########################[0m
[32m[2020-02-23 14:57:34,934] [logger.py:93] [logger:__console] [INFO]- ###########################å¼€å§‹æ‰§è¡Œæµ‹è¯•###########################[0m
[32m[2020-02-23 14:57:34,942] [logger.py:93] [logger:__console] [INFO]- ######æ¥å£è¿”å›æ•°æ®:{'status': 10022, 'message': 'å‘å¸ƒä¼šidä¸å­˜åœ¨'}#######[0m
[32m[2020-02-23 14:57:34,943] [logger.py:93] [logger:__console] [INFO]- ###########################æµ‹è¯•æ‰§è¡Œç»“æŸ###########################[0m
[32m[2020-02-23 14:57:34,944] [logger.py:93] [logger:__console] [INFO]- ###########################å¼€å§‹æ‰§è¡Œæµ‹è¯•###########################[0m
[32m[2020-02-23 14:57:34,952] [logger.py:93] [logger:__console] [INFO]- ######æ¥å£è¿”å›æ•°æ®:{'status': 10026, 'message': 'å˜‰å®¾ä¸å±äºè¯¥å‘å¸ƒä¼š'}######[0m
[32m[2020-02-23 14:57:34,953] [logger.py:93] [logger:__console] [INFO]- ###########################æµ‹è¯•æ‰§è¡Œç»“æŸ###########################[0m
[32m[2020-02-23 14:57:34,953] [logger.py:93] [logger:__console] [INFO]- ###########################å¼€å§‹æ‰§è¡Œæµ‹è¯•###########################[0m
[32m[2020-02-23 14:57:34,962] [logger.py:93] [logger:__console] [INFO]- ########æ¥å£è¿”å›æ•°æ®:{'status': 10027, 'message': 'å˜‰å®¾å·²ç­¾åˆ°'}########[0m
[32m[2020-02-23 14:57:34,963] [logger.py:93] [logger:__console] [INFO]- ###########################æµ‹è¯•æ‰§è¡Œç»“æŸ###########################[0m
[32m[2020-02-23 14:57:34,964] [logger.py:93] [logger:__console] [INFO]- ###########################å¼€å§‹æ‰§è¡Œæµ‹è¯•###########################[0m
[32m[2020-02-23 14:57:34,973] [logger.py:93] [logger:__console] [INFO]- #######æ¥å£è¿”å›æ•°æ®:{'status': 10025, 'message': 'æ‰‹æœºå·ç ä¸å­˜åœ¨'}#######[0m
[32m[2020-02-23 14:57:34,973] [logger.py:93] [logger:__console] [INFO]- ###########################æµ‹è¯•æ‰§è¡Œç»“æŸ###########################[0m
[32m[2020-02-23 14:57:34,974] [logger.py:93] [logger:__console] [INFO]- ###########################å¼€å§‹æ‰§è¡Œæµ‹è¯•###########################[0m
[32m[2020-02-23 14:57:34,982] [logger.py:93] [logger:__console] [INFO]- #######æ¥å£è¿”å›æ•°æ®:{'status': 10023, 'message': 'å‘å¸ƒä¼šæœªå¼€å¯'}########[0m
[32m[2020-02-23 14:57:34,982] [logger.py:93] [logger:__console] [INFO]- ###########################æµ‹è¯•æ‰§è¡Œç»“æŸ###########################[0m
[32m[2020-02-23 14:57:34,983] [logger.py:93] [logger:__console] [INFO]- ###########################å¼€å§‹æ‰§è¡Œæµ‹è¯•###########################[0m
[32m[2020-02-23 14:57:35,001] [logger.py:93] [logger:__console] [INFO]- #########æ¥å£è¿”å›æ•°æ®:{'status': 200, 'message': 'ç­¾åˆ°æˆåŠŸ'}##########[0m
[32m[2020-02-23 14:57:35,002] [logger.py:93] [logger:__console] [INFO]- ###########################æµ‹è¯•æ‰§è¡Œç»“æŸ###########################[0m
[32m[2020-02-23 14:57:35,003] [logger.py:93] [logger:__console] [INFO]- ###########################å¼€å§‹æ‰§è¡Œæµ‹è¯•###########################[0m
[32m[2020-02-23 14:57:35,011] [logger.py:93] [logger:__console] [INFO]- #######æ¥å£è¿”å›æ•°æ®:{'status': 10024, 'message': 'å‘å¸ƒä¼šæ—¶é—´å·²è¿‡'}#######[0m
[32m[2020-02-23 14:57:35,011] [logger.py:93] [logger:__console] [INFO]- ###########################æµ‹è¯•æ‰§è¡Œç»“æŸ###########################[0m
[32m[2020-02-23 14:58:12,219] [logger.py:93] [logger:__console] [INFO]- ###########################å¼€å§‹æ‰§è¡Œæµ‹è¯•###########################[0m
[32m[2020-02-23 14:58:12,228] [logger.py:93] [logger:__console] [INFO]- ########æ¥å£è¿”å›æ•°æ®:{'status': 10021, 'message': 'å‚æ•°é”™è¯¯'}#########[0m
[32m[2020-02-23 14:58:12,229] [logger.py:93] [logger:__console] [INFO]- ###########################æµ‹è¯•æ‰§è¡Œç»“æŸ###########################[0m
[32m[2020-02-23 14:58:12,230] [logger.py:93] [logger:__console] [INFO]- ###########################å¼€å§‹æ‰§è¡Œæµ‹è¯•###########################[0m
[32m[2020-02-23 14:58:12,238] [logger.py:93] [logger:__console] [INFO]- æ¥å£è¿”å›æ•°æ®:{'status': 10024, 'message': 'å¼€å§‹æ—¥æœŸæ ¼å¼é”™è¯¯ï¼Œå¿…é¡»æ˜¯:YYYY-MM-DD HH:MM:SS'}[0m
[32m[2020-02-23 14:58:12,239] [logger.py:93] [logger:__console] [INFO]- ###########################æµ‹è¯•æ‰§è¡Œç»“æŸ###########################[0m
[32m[2020-02-23 14:58:12,239] [logger.py:93] [logger:__console] [INFO]- ###########################å¼€å§‹æ‰§è¡Œæµ‹è¯•###########################[0m
[32m[2020-02-23 14:58:12,247] [logger.py:93] [logger:__console] [INFO]- ######æ¥å£è¿”å›æ•°æ®:{'status': 10022, 'message': 'å‘å¸ƒä¼šidå·²å­˜åœ¨'}#######[0m
[32m[2020-02-23 14:58:12,248] [logger.py:93] [logger:__console] [INFO]- ###########################æµ‹è¯•æ‰§è¡Œç»“æŸ###########################[0m
[32m[2020-02-23 14:58:12,249] [logger.py:93] [logger:__console] [INFO]- ###########################å¼€å§‹æ‰§è¡Œæµ‹è¯•###########################[0m
[32m[2020-02-23 14:58:12,257] [logger.py:93] [logger:__console] [INFO]- ######æ¥å£è¿”å›æ•°æ®:{'status': 10023, 'message': 'å‘å¸ƒä¼šåç§°å·²å­˜åœ¨'}#######[0m
[32m[2020-02-23 14:58:12,258] [logger.py:93] [logger:__console] [INFO]- ###########################æµ‹è¯•æ‰§è¡Œç»“æŸ###########################[0m
[32m[2020-02-23 14:58:12,258] [logger.py:93] [logger:__console] [INFO]- ###########################å¼€å§‹æ‰§è¡Œæµ‹è¯•###########################[0m
[32m[2020-02-23 14:58:12,270] [logger.py:93] [logger:__console] [INFO]- #########æ¥å£è¿”å›æ•°æ®:{'status': 200, 'message': 'æ·»åŠ æˆåŠŸ'}##########[0m
[32m[2020-02-23 14:58:12,271] [logger.py:93] [logger:__console] [INFO]- ###########################æµ‹è¯•æ‰§è¡Œç»“æŸ###########################[0m
[32m[2020-02-23 14:58:12,355] [logger.py:93] [logger:__console] [INFO]- ###########################å¼€å§‹æ‰§è¡Œæµ‹è¯•###########################[0m
[32m[2020-02-23 14:58:12,359] [logger.py:93] [logger:__console] [INFO]- ########æ¥å£è¿”å›æ•°æ®:{'status': 10021, 'message': 'å‚æ•°é”™è¯¯'}#########[0m
[32m[2020-02-23 14:58:12,360] [logger.py:93] [logger:__console] [INFO]- ###########################æµ‹è¯•æ‰§è¡Œç»“æŸ###########################[0m
[32m[2020-02-23 14:58:12,361] [logger.py:93] [logger:__console] [INFO]- ###########################å¼€å§‹æ‰§è¡Œæµ‹è¯•###########################[0m
[32m[2020-02-23 14:58:12,368] [logger.py:93] [logger:__console] [INFO]- ######æ¥å£è¿”å›æ•°æ®:{'status': 10022, 'message': 'å‘å¸ƒä¼šidä¸å­˜åœ¨'}#######[0m
[32m[2020-02-23 14:58:12,369] [logger.py:93] [logger:__console] [INFO]- ###########################æµ‹è¯•æ‰§è¡Œç»“æŸ###########################[0m
[32m[2020-02-23 14:58:12,369] [logger.py:93] [logger:__console] [INFO]- ###########################å¼€å§‹æ‰§è¡Œæµ‹è¯•###########################[0m
[32m[2020-02-23 14:58:12,377] [logger.py:93] [logger:__console] [INFO]- ######æ¥å£è¿”å›æ•°æ®:{'status': 10026, 'message': 'å˜‰å®¾ä¸å±äºè¯¥å‘å¸ƒä¼š'}######[0m
[32m[2020-02-23 14:58:12,378] [logger.py:93] [logger:__console] [INFO]- ###########################æµ‹è¯•æ‰§è¡Œç»“æŸ###########################[0m
[32m[2020-02-23 14:58:12,379] [logger.py:93] [logger:__console] [INFO]- ###########################å¼€å§‹æ‰§è¡Œæµ‹è¯•###########################[0m
[32m[2020-02-23 14:58:12,388] [logger.py:93] [logger:__console] [INFO]- ########æ¥å£è¿”å›æ•°æ®:{'status': 10027, 'message': 'å˜‰å®¾å·²ç­¾åˆ°'}########[0m
[32m[2020-02-23 14:58:12,389] [logger.py:93] [logger:__console] [INFO]- ###########################æµ‹è¯•æ‰§è¡Œç»“æŸ###########################[0m
[32m[2020-02-23 14:58:12,389] [logger.py:93] [logger:__console] [INFO]- ###########################å¼€å§‹æ‰§è¡Œæµ‹è¯•###########################[0m
[32m[2020-02-23 14:58:12,397] [logger.py:93] [logger:__console] [INFO]- #######æ¥å£è¿”å›æ•°æ®:{'status': 10025, 'message': 'æ‰‹æœºå·ç ä¸å­˜åœ¨'}#######[0m
[32m[2020-02-23 14:58:12,398] [logger.py:93] [logger:__console] [INFO]- ###########################æµ‹è¯•æ‰§è¡Œç»“æŸ###########################[0m
[32m[2020-02-23 14:58:12,399] [logger.py:93] [logger:__console] [INFO]- ###########################å¼€å§‹æ‰§è¡Œæµ‹è¯•###########################[0m
[32m[2020-02-23 14:58:12,406] [logger.py:93] [logger:__console] [INFO]- #######æ¥å£è¿”å›æ•°æ®:{'status': 10023, 'message': 'å‘å¸ƒä¼šæœªå¼€å¯'}########[0m
[32m[2020-02-23 14:58:12,406] [logger.py:93] [logger:__console] [INFO]- ###########################æµ‹è¯•æ‰§è¡Œç»“æŸ###########################[0m
[32m[2020-02-23 14:58:12,407] [logger.py:93] [logger:__console] [INFO]- ###########################å¼€å§‹æ‰§è¡Œæµ‹è¯•###########################[0m
[32m[2020-02-23 14:58:12,420] [logger.py:93] [logger:__console] [INFO]- #########æ¥å£è¿”å›æ•°æ®:{'status': 200, 'message': 'ç­¾åˆ°æˆåŠŸ'}##########[0m
[32m[2020-02-23 14:58:12,421] [logger.py:93] [logger:__console] [INFO]- ###########################æµ‹è¯•æ‰§è¡Œç»“æŸ###########################[0m
[32m[2020-02-23 14:58:12,421] [logger.py:93] [logger:__console] [INFO]- ###########################å¼€å§‹æ‰§è¡Œæµ‹è¯•###########################[0m
[32m[2020-02-23 14:58:12,429] [logger.py:93] [logger:__console] [INFO]- #######æ¥å£è¿”å›æ•°æ®:{'status': 10024, 'message': 'å‘å¸ƒä¼šæ—¶é—´å·²è¿‡'}#######[0m
[32m[2020-02-23 14:58:12,430] [logger.py:93] [logger:__console] [INFO]- ###########################æµ‹è¯•æ‰§è¡Œç»“æŸ###########################[0m
[32m[2020-02-23 15:02:34,490] [logger.py:93] [logger:__console] [INFO]- ###########################å¼€å§‹æ‰§è¡Œæµ‹è¯•###########################[0m
[32m[2020-02-23 15:02:34,498] [logger.py:93] [logger:__console] [INFO]- ########æ¥å£è¿”å›æ•°æ®:{'status': 10021, 'message': 'å‚æ•°é”™è¯¯'}#########[0m
[32m[2020-02-23 15:02:34,499] [logger.py:93] [logger:__console] [INFO]- ###########################æµ‹è¯•æ‰§è¡Œç»“æŸ###########################[0m
[32m[2020-02-23 15:02:34,500] [logger.py:93] [logger:__console] [INFO]- ###########################å¼€å§‹æ‰§è¡Œæµ‹è¯•###########################[0m
[32m[2020-02-23 15:02:34,509] [logger.py:93] [logger:__console] [INFO]- æ¥å£è¿”å›æ•°æ®:{'status': 10024, 'message': 'å¼€å§‹æ—¥æœŸæ ¼å¼é”™è¯¯ï¼Œå¿…é¡»æ˜¯:YYYY-MM-DD HH:MM:SS'}[0m
[32m[2020-02-23 15:02:34,509] [logger.py:93] [logger:__console] [INFO]- ###########################æµ‹è¯•æ‰§è¡Œç»“æŸ###########################[0m
[32m[2020-02-23 15:02:34,510] [logger.py:93] [logger:__console] [INFO]- ###########################å¼€å§‹æ‰§è¡Œæµ‹è¯•###########################[0m
[32m[2020-02-23 15:02:34,517] [logger.py:93] [logger:__console] [INFO]- ######æ¥å£è¿”å›æ•°æ®:{'status': 10022, 'message': 'å‘å¸ƒä¼šidå·²å­˜åœ¨'}#######[0m
[32m[2020-02-23 15:02:34,518] [logger.py:93] [logger:__console] [INFO]- ###########################æµ‹è¯•æ‰§è¡Œç»“æŸ###########################[0m
[32m[2020-02-23 15:02:34,519] [logger.py:93] [logger:__console] [INFO]- ###########################å¼€å§‹æ‰§è¡Œæµ‹è¯•###########################[0m
[32m[2020-02-23 15:02:34,528] [logger.py:93] [logger:__console] [INFO]- ######æ¥å£è¿”å›æ•°æ®:{'status': 10023, 'message': 'å‘å¸ƒä¼šåç§°å·²å­˜åœ¨'}#######[0m
[32m[2020-02-23 15:02:34,528] [logger.py:93] [logger:__console] [INFO]- ###########################æµ‹è¯•æ‰§è¡Œç»“æŸ###########################[0m
[32m[2020-02-23 15:02:34,529] [logger.py:93] [logger:__console] [INFO]- ###########################å¼€å§‹æ‰§è¡Œæµ‹è¯•###########################[0m
[32m[2020-02-23 15:02:34,539] [logger.py:93] [logger:__console] [INFO]- #########æ¥å£è¿”å›æ•°æ®:{'status': 200, 'message': 'æ·»åŠ æˆåŠŸ'}##########[0m
[32m[2020-02-23 15:02:34,540] [logger.py:93] [logger:__console] [INFO]- ###########################æµ‹è¯•æ‰§è¡Œç»“æŸ###########################[0m
[32m[2020-02-23 15:02:34,623] [logger.py:93] [logger:__console] [INFO]- ###########################å¼€å§‹æ‰§è¡Œæµ‹è¯•###########################[0m
[32m[2020-02-23 15:02:34,627] [logger.py:93] [logger:__console] [INFO]- ########æ¥å£è¿”å›æ•°æ®:{'status': 10021, 'message': 'å‚æ•°é”™è¯¯'}#########[0m
[32m[2020-02-23 15:02:34,628] [logger.py:93] [logger:__console] [INFO]- ###########################æµ‹è¯•æ‰§è¡Œç»“æŸ###########################[0m
[32m[2020-02-23 15:02:34,628] [logger.py:93] [logger:__console] [INFO]- ###########################å¼€å§‹æ‰§è¡Œæµ‹è¯•###########################[0m
[32m[2020-02-23 15:02:34,636] [logger.py:93] [logger:__console] [INFO]- ######æ¥å£è¿”å›æ•°æ®:{'status': 10022, 'message': 'å‘å¸ƒä¼šidä¸å­˜åœ¨'}#######[0m
[32m[2020-02-23 15:02:34,637] [logger.py:93] [logger:__console] [INFO]- ###########################æµ‹è¯•æ‰§è¡Œç»“æŸ###########################[0m
[32m[2020-02-23 15:02:34,637] [logger.py:93] [logger:__console] [INFO]- ###########################å¼€å§‹æ‰§è¡Œæµ‹è¯•###########################[0m
[32m[2020-02-23 15:02:34,645] [logger.py:93] [logger:__console] [INFO]- ######æ¥å£è¿”å›æ•°æ®:{'status': 10026, 'message': 'å˜‰å®¾ä¸å±äºè¯¥å‘å¸ƒä¼š'}######[0m
[32m[2020-02-23 15:02:34,646] [logger.py:93] [logger:__console] [INFO]- ###########################æµ‹è¯•æ‰§è¡Œç»“æŸ###########################[0m
[32m[2020-02-23 15:02:34,646] [logger.py:93] [logger:__console] [INFO]- ###########################å¼€å§‹æ‰§è¡Œæµ‹è¯•###########################[0m
[32m[2020-02-23 15:02:34,656] [logger.py:93] [logger:__console] [INFO]- ########æ¥å£è¿”å›æ•°æ®:{'status': 10027, 'message': 'å˜‰å®¾å·²ç­¾åˆ°'}########[0m
[32m[2020-02-23 15:02:34,657] [logger.py:93] [logger:__console] [INFO]- ###########################æµ‹è¯•æ‰§è¡Œç»“æŸ###########################[0m
[32m[2020-02-23 15:02:34,657] [logger.py:93] [logger:__console] [INFO]- ###########################å¼€å§‹æ‰§è¡Œæµ‹è¯•###########################[0m
[32m[2020-02-23 15:02:34,666] [logger.py:93] [logger:__console] [INFO]- #######æ¥å£è¿”å›æ•°æ®:{'status': 10025, 'message': 'æ‰‹æœºå·ç ä¸å­˜åœ¨'}#######[0m
[32m[2020-02-23 15:02:34,667] [logger.py:93] [logger:__console] [INFO]- ###########################æµ‹è¯•æ‰§è¡Œç»“æŸ###########################[0m
[32m[2020-02-23 15:02:34,667] [logger.py:93] [logger:__console] [INFO]- ###########################å¼€å§‹æ‰§è¡Œæµ‹è¯•###########################[0m
[32m[2020-02-23 15:02:34,674] [logger.py:93] [logger:__console] [INFO]- #######æ¥å£è¿”å›æ•°æ®:{'status': 10023, 'message': 'å‘å¸ƒä¼šæœªå¼€å¯'}########[0m
[32m[2020-02-23 15:02:34,675] [logger.py:93] [logger:__console] [INFO]- ###########################æµ‹è¯•æ‰§è¡Œç»“æŸ###########################[0m
[32m[2020-02-23 15:02:34,676] [logger.py:93] [logger:__console] [INFO]- ###########################å¼€å§‹æ‰§è¡Œæµ‹è¯•###########################[0m
[32m[2020-02-23 15:02:34,687] [logger.py:93] [logger:__console] [INFO]- #########æ¥å£è¿”å›æ•°æ®:{'status': 200, 'message': 'ç­¾åˆ°æˆåŠŸ'}##########[0m
[32m[2020-02-23 15:02:34,687] [logger.py:93] [logger:__console] [INFO]- ###########################æµ‹è¯•æ‰§è¡Œç»“æŸ###########################[0m
[32m[2020-02-23 15:02:34,688] [logger.py:93] [logger:__console] [INFO]- ###########################å¼€å§‹æ‰§è¡Œæµ‹è¯•###########################[0m
[32m[2020-02-23 15:02:34,695] [logger.py:93] [logger:__console] [INFO]- #######æ¥å£è¿”å›æ•°æ®:{'status': 10024, 'message': 'å‘å¸ƒä¼šæ—¶é—´å·²è¿‡'}#######[0m
[32m[2020-02-23 15:02:34,696] [logger.py:93] [logger:__console] [INFO]- ###########################æµ‹è¯•æ‰§è¡Œç»“æŸ###########################[0m
[32m[2020-02-23 15:02:44,641] [logger.py:93] [logger:__console] [INFO]- ###########################å¼€å§‹æ‰§è¡Œæµ‹è¯•###########################[0m
[32m[2020-02-23 15:02:44,650] [logger.py:93] [logger:__console] [INFO]- ########æ¥å£è¿”å›æ•°æ®:{'status': 10021, 'message': 'å‚æ•°é”™è¯¯'}#########[0m
[32m[2020-02-23 15:02:44,651] [logger.py:93] [logger:__console] [INFO]- ###########################æµ‹è¯•æ‰§è¡Œç»“æŸ###########################[0m
[32m[2020-02-23 15:02:44,651] [logger.py:93] [logger:__console] [INFO]- ###########################å¼€å§‹æ‰§è¡Œæµ‹è¯•###########################[0m
[32m[2020-02-23 15:02:44,660] [logger.py:93] [logger:__console] [INFO]- æ¥å£è¿”å›æ•°æ®:{'status': 10024, 'message': 'å¼€å§‹æ—¥æœŸæ ¼å¼é”™è¯¯ï¼Œå¿…é¡»æ˜¯:YYYY-MM-DD HH:MM:SS'}[0m
[32m[2020-02-23 15:02:44,660] [logger.py:93] [logger:__console] [INFO]- ###########################æµ‹è¯•æ‰§è¡Œç»“æŸ###########################[0m
[32m[2020-02-23 15:02:44,661] [logger.py:93] [logger:__console] [INFO]- ###########################å¼€å§‹æ‰§è¡Œæµ‹è¯•###########################[0m
[32m[2020-02-23 15:02:44,669] [logger.py:93] [logger:__console] [INFO]- ######æ¥å£è¿”å›æ•°æ®:{'status': 10022, 'message': 'å‘å¸ƒä¼šidå·²å­˜åœ¨'}#######[0m
[32m[2020-02-23 15:02:44,670] [logger.py:93] [logger:__console] [INFO]- ###########################æµ‹è¯•æ‰§è¡Œç»“æŸ###########################[0m
[32m[2020-02-23 15:02:44,670] [logger.py:93] [logger:__console] [INFO]- ###########################å¼€å§‹æ‰§è¡Œæµ‹è¯•###########################[0m
[32m[2020-02-23 15:02:44,679] [logger.py:93] [logger:__console] [INFO]- ######æ¥å£è¿”å›æ•°æ®:{'status': 10023, 'message': 'å‘å¸ƒä¼šåç§°å·²å­˜åœ¨'}#######[0m
[32m[2020-02-23 15:02:44,680] [logger.py:93] [logger:__console] [INFO]- ###########################æµ‹è¯•æ‰§è¡Œç»“æŸ###########################[0m
[32m[2020-02-23 15:02:44,681] [logger.py:93] [logger:__console] [INFO]- ###########################å¼€å§‹æ‰§è¡Œæµ‹è¯•###########################[0m
[32m[2020-02-23 15:02:44,690] [logger.py:93] [logger:__console] [INFO]- #########æ¥å£è¿”å›æ•°æ®:{'status': 200, 'message': 'æ·»åŠ æˆåŠŸ'}##########[0m
[32m[2020-02-23 15:02:44,691] [logger.py:93] [logger:__console] [INFO]- ###########################æµ‹è¯•æ‰§è¡Œç»“æŸ###########################[0m
[32m[2020-02-23 15:02:44,778] [logger.py:93] [logger:__console] [INFO]- ###########################å¼€å§‹æ‰§è¡Œæµ‹è¯•###########################[0m
[32m[2020-02-23 15:02:44,782] [logger.py:93] [logger:__console] [INFO]- ########æ¥å£è¿”å›æ•°æ®:{'status': 10021, 'message': 'å‚æ•°é”™è¯¯'}#########[0m
[32m[2020-02-23 15:02:44,783] [logger.py:93] [logger:__console] [INFO]- ###########################æµ‹è¯•æ‰§è¡Œç»“æŸ###########################[0m
[32m[2020-02-23 15:02:44,783] [logger.py:93] [logger:__console] [INFO]- ###########################å¼€å§‹æ‰§è¡Œæµ‹è¯•###########################[0m
[32m[2020-02-23 15:02:44,791] [logger.py:93] [logger:__console] [INFO]- ######æ¥å£è¿”å›æ•°æ®:{'status': 10022, 'message': 'å‘å¸ƒä¼šidä¸å­˜åœ¨'}#######[0m
[32m[2020-02-23 15:02:44,791] [logger.py:93] [logger:__console] [INFO]- ###########################æµ‹è¯•æ‰§è¡Œç»“æŸ###########################[0m
[32m[2020-02-23 15:02:44,792] [logger.py:93] [logger:__console] [INFO]- ###########################å¼€å§‹æ‰§è¡Œæµ‹è¯•###########################[0m
[32m[2020-02-23 15:02:44,800] [logger.py:93] [logger:__console] [INFO]- ######æ¥å£è¿”å›æ•°æ®:{'status': 10026, 'message': 'å˜‰å®¾ä¸å±äºè¯¥å‘å¸ƒä¼š'}######[0m
[32m[2020-02-23 15:02:44,801] [logger.py:93] [logger:__console] [INFO]- ###########################æµ‹è¯•æ‰§è¡Œç»“æŸ###########################[0m
[32m[2020-02-23 15:02:44,802] [logger.py:93] [logger:__console] [INFO]- ###########################å¼€å§‹æ‰§è¡Œæµ‹è¯•###########################[0m
[32m[2020-02-23 15:02:44,811] [logger.py:93] [logger:__console] [INFO]- ########æ¥å£è¿”å›æ•°æ®:{'status': 10027, 'message': 'å˜‰å®¾å·²ç­¾åˆ°'}########[0m
[32m[2020-02-23 15:02:44,812] [logger.py:93] [logger:__console] [INFO]- ###########################æµ‹è¯•æ‰§è¡Œç»“æŸ###########################[0m
[32m[2020-02-23 15:02:44,812] [logger.py:93] [logger:__console] [INFO]- ###########################å¼€å§‹æ‰§è¡Œæµ‹è¯•###########################[0m
[32m[2020-02-23 15:02:44,820] [logger.py:93] [logger:__console] [INFO]- #######æ¥å£è¿”å›æ•°æ®:{'status': 10025, 'message': 'æ‰‹æœºå·ç ä¸å­˜åœ¨'}#######[0m
[32m[2020-02-23 15:02:44,821] [logger.py:93] [logger:__console] [INFO]- ###########################æµ‹è¯•æ‰§è¡Œç»“æŸ###########################[0m
[32m[2020-02-23 15:02:44,822] [logger.py:93] [logger:__console] [INFO]- ###########################å¼€å§‹æ‰§è¡Œæµ‹è¯•###########################[0m
[32m[2020-02-23 15:02:44,829] [logger.py:93] [logger:__console] [INFO]- #######æ¥å£è¿”å›æ•°æ®:{'status': 10023, 'message': 'å‘å¸ƒä¼šæœªå¼€å¯'}########[0m
[32m[2020-02-23 15:02:44,829] [logger.py:93] [logger:__console] [INFO]- ###########################æµ‹è¯•æ‰§è¡Œç»“æŸ###########################[0m
[32m[2020-02-23 15:02:44,830] [logger.py:93] [logger:__console] [INFO]- ###########################å¼€å§‹æ‰§è¡Œæµ‹è¯•###########################[0m
[32m[2020-02-23 15:02:44,841] [logger.py:93] [logger:__console] [INFO]- #########æ¥å£è¿”å›æ•°æ®:{'status': 200, 'message': 'ç­¾åˆ°æˆåŠŸ'}##########[0m
[32m[2020-02-23 15:02:44,842] [logger.py:93] [logger:__console] [INFO]- ###########################æµ‹è¯•æ‰§è¡Œç»“æŸ###########################[0m
[32m[2020-02-23 15:02:44,843] [logger.py:93] [logger:__console] [INFO]- ###########################å¼€å§‹æ‰§è¡Œæµ‹è¯•###########################[0m
[32m[2020-02-23 15:02:44,850] [logger.py:93] [logger:__console] [INFO]- #######æ¥å£è¿”å›æ•°æ®:{'status': 10024, 'message': 'å‘å¸ƒä¼šæ—¶é—´å·²è¿‡'}#######[0m
[32m[2020-02-23 15:02:44,851] [logger.py:93] [logger:__console] [INFO]- ###########################æµ‹è¯•æ‰§è¡Œç»“æŸ###########################[0m
[32m[2020-02-23 15:08:46,510] [logger.py:93] [logger:__console] [INFO]- ###########################å¼€å§‹æ‰§è¡Œæµ‹è¯•###########################[0m
[32m[2020-02-23 15:08:46,519] [logger.py:93] [logger:__console] [INFO]- ########æ¥å£è¿”å›æ•°æ®:{'status': 10021, 'message': 'å‚æ•°é”™è¯¯'}#########[0m
[32m[2020-02-23 15:08:46,520] [logger.py:93] [logger:__console] [INFO]- ###########################æµ‹è¯•æ‰§è¡Œç»“æŸ###########################[0m
[32m[2020-02-23 15:08:46,520] [logger.py:93] [logger:__console] [INFO]- ###########################å¼€å§‹æ‰§è¡Œæµ‹è¯•###########################[0m
[32m[2020-02-23 15:08:46,529] [logger.py:93] [logger:__console] [INFO]- æ¥å£è¿”å›æ•°æ®:{'status': 10024, 'message': 'å¼€å§‹æ—¥æœŸæ ¼å¼é”™è¯¯ï¼Œå¿…é¡»æ˜¯:YYYY-MM-DD HH:MM:SS'}[0m
[32m[2020-02-23 15:08:46,530] [logger.py:93] [logger:__console] [INFO]- ###########################æµ‹è¯•æ‰§è¡Œç»“æŸ###########################[0m
[32m[2020-02-23 15:08:46,531] [logger.py:93] [logger:__console] [INFO]- ###########################å¼€å§‹æ‰§è¡Œæµ‹è¯•###########################[0m
[32m[2020-02-23 15:08:46,539] [logger.py:93] [logger:__console] [INFO]- ######æ¥å£è¿”å›æ•°æ®:{'status': 10022, 'message': 'å‘å¸ƒä¼šidå·²å­˜åœ¨'}#######[0m
[32m[2020-02-23 15:08:46,539] [logger.py:93] [logger:__console] [INFO]- ###########################æµ‹è¯•æ‰§è¡Œç»“æŸ###########################[0m
[32m[2020-02-23 15:08:46,540] [logger.py:93] [logger:__console] [INFO]- ###########################å¼€å§‹æ‰§è¡Œæµ‹è¯•###########################[0m
[32m[2020-02-23 15:08:46,549] [logger.py:93] [logger:__console] [INFO]- ######æ¥å£è¿”å›æ•°æ®:{'status': 10023, 'message': 'å‘å¸ƒä¼šåç§°å·²å­˜åœ¨'}#######[0m
[32m[2020-02-23 15:08:46,550] [logger.py:93] [logger:__console] [INFO]- ###########################æµ‹è¯•æ‰§è¡Œç»“æŸ###########################[0m
[32m[2020-02-23 15:08:46,550] [logger.py:93] [logger:__console] [INFO]- ###########################å¼€å§‹æ‰§è¡Œæµ‹è¯•###########################[0m
[32m[2020-02-23 15:08:46,561] [logger.py:93] [logger:__console] [INFO]- #########æ¥å£è¿”å›æ•°æ®:{'status': 200, 'message': 'æ·»åŠ æˆåŠŸ'}##########[0m
[32m[2020-02-23 15:08:46,561] [logger.py:93] [logger:__console] [INFO]- ###########################æµ‹è¯•æ‰§è¡Œç»“æŸ###########################[0m
[32m[2020-02-23 15:08:46,689] [logger.py:93] [logger:__console] [INFO]- ###########################å¼€å§‹æ‰§è¡Œæµ‹è¯•###########################[0m
[32m[2020-02-23 15:08:46,694] [logger.py:93] [logger:__console] [INFO]- ########æ¥å£è¿”å›æ•°æ®:{'status': 10021, 'message': 'å‚æ•°é”™è¯¯'}#########[0m
[32m[2020-02-23 15:08:46,694] [logger.py:93] [logger:__console] [INFO]- ###########################æµ‹è¯•æ‰§è¡Œç»“æŸ###########################[0m
[32m[2020-02-23 15:08:46,695] [logger.py:93] [logger:__console] [INFO]- ###########################å¼€å§‹æ‰§è¡Œæµ‹è¯•###########################[0m
[32m[2020-02-23 15:08:46,703] [logger.py:93] [logger:__console] [INFO]- ######æ¥å£è¿”å›æ•°æ®:{'status': 10022, 'message': 'å‘å¸ƒä¼šidä¸å­˜åœ¨'}#######[0m
[32m[2020-02-23 15:08:46,703] [logger.py:93] [logger:__console] [INFO]- ###########################æµ‹è¯•æ‰§è¡Œç»“æŸ###########################[0m
[32m[2020-02-23 15:08:46,704] [logger.py:93] [logger:__console] [INFO]- ###########################å¼€å§‹æ‰§è¡Œæµ‹è¯•###########################[0m
[32m[2020-02-23 15:08:46,712] [logger.py:93] [logger:__console] [INFO]- ######æ¥å£è¿”å›æ•°æ®:{'status': 10026, 'message': 'å˜‰å®¾ä¸å±äºè¯¥å‘å¸ƒä¼š'}######[0m
[32m[2020-02-23 15:08:46,713] [logger.py:93] [logger:__console] [INFO]- ###########################æµ‹è¯•æ‰§è¡Œç»“æŸ###########################[0m
[32m[2020-02-23 15:08:46,713] [logger.py:93] [logger:__console] [INFO]- ###########################å¼€å§‹æ‰§è¡Œæµ‹è¯•###########################[0m
[32m[2020-02-23 15:08:46,722] [logger.py:93] [logger:__console] [INFO]- ########æ¥å£è¿”å›æ•°æ®:{'status': 10027, 'message': 'å˜‰å®¾å·²ç­¾åˆ°'}########[0m
[32m[2020-02-23 15:08:46,723] [logger.py:93] [logger:__console] [INFO]- ###########################æµ‹è¯•æ‰§è¡Œç»“æŸ###########################[0m
[32m[2020-02-23 15:08:46,724] [logger.py:93] [logger:__console] [INFO]- ###########################å¼€å§‹æ‰§è¡Œæµ‹è¯•###########################[0m
[32m[2020-02-23 15:08:46,733] [logger.py:93] [logger:__console] [INFO]- #######æ¥å£è¿”å›æ•°æ®:{'status': 10025, 'message': 'æ‰‹æœºå·ç ä¸å­˜åœ¨'}#######[0m
[32m[2020-02-23 15:08:46,734] [logger.py:93] [logger:__console] [INFO]- ###########################æµ‹è¯•æ‰§è¡Œç»“æŸ###########################[0m
[32m[2020-02-23 15:08:46,735] [logger.py:93] [logger:__console] [INFO]- ###########################å¼€å§‹æ‰§è¡Œæµ‹è¯•###########################[0m
[32m[2020-02-23 15:08:46,742] [logger.py:93] [logger:__console] [INFO]- #######æ¥å£è¿”å›æ•°æ®:{'status': 10023, 'message': 'å‘å¸ƒä¼šæœªå¼€å¯'}########[0m
[32m[2020-02-23 15:08:46,743] [logger.py:93] [logger:__console] [INFO]- ###########################æµ‹è¯•æ‰§è¡Œç»“æŸ###########################[0m
[32m[2020-02-23 15:08:46,744] [logger.py:93] [logger:__console] [INFO]- ###########################å¼€å§‹æ‰§è¡Œæµ‹è¯•###########################[0m
[32m[2020-02-23 15:08:46,757] [logger.py:93] [logger:__console] [INFO]- #########æ¥å£è¿”å›æ•°æ®:{'status': 200, 'message': 'ç­¾åˆ°æˆåŠŸ'}##########[0m
[32m[2020-02-23 15:08:46,758] [logger.py:93] [logger:__console] [INFO]- ###########################æµ‹è¯•æ‰§è¡Œç»“æŸ###########################[0m
[32m[2020-02-23 15:08:46,758] [logger.py:93] [logger:__console] [INFO]- ###########################å¼€å§‹æ‰§è¡Œæµ‹è¯•###########################[0m
[32m[2020-02-23 15:08:46,766] [logger.py:93] [logger:__console] [INFO]- #######æ¥å£è¿”å›æ•°æ®:{'status': 10024, 'message': 'å‘å¸ƒä¼šæ—¶é—´å·²è¿‡'}#######[0m
[32m[2020-02-23 15:08:46,766] [logger.py:93] [logger:__console] [INFO]- ###########################æµ‹è¯•æ‰§è¡Œç»“æŸ###########################[0m
[32m[2020-02-23 15:09:23,675] [logger.py:93] [logger:__console] [INFO]- ###########################å¼€å§‹æ‰§è¡Œæµ‹è¯•###########################[0m
[32m[2020-02-23 15:09:23,684] [logger.py:93] [logger:__console] [INFO]- ########æ¥å£è¿”å›æ•°æ®:{'status': 10021, 'message': 'å‚æ•°é”™è¯¯'}#########[0m
[32m[2020-02-23 15:09:23,684] [logger.py:93] [logger:__console] [INFO]- ###########################æµ‹è¯•æ‰§è¡Œç»“æŸ###########################[0m
[32m[2020-02-23 15:09:23,685] [logger.py:93] [logger:__console] [INFO]- ###########################å¼€å§‹æ‰§è¡Œæµ‹è¯•###########################[0m
[32m[2020-02-23 15:09:23,694] [logger.py:93] [logger:__console] [INFO]- æ¥å£è¿”å›æ•°æ®:{'status': 10024, 'message': 'å¼€å§‹æ—¥æœŸæ ¼å¼é”™è¯¯ï¼Œå¿…é¡»æ˜¯:YYYY-MM-DD HH:MM:SS'}[0m
[32m[2020-02-23 15:09:23,695] [logger.py:93] [logger:__console] [INFO]- ###########################æµ‹è¯•æ‰§è¡Œç»“æŸ###########################[0m
[32m[2020-02-23 15:09:23,695] [logger.py:93] [logger:__console] [INFO]- ###########################å¼€å§‹æ‰§è¡Œæµ‹è¯•###########################[0m
[32m[2020-02-23 15:09:23,702] [logger.py:93] [logger:__console] [INFO]- ######æ¥å£è¿”å›æ•°æ®:{'status': 10022, 'message': 'å‘å¸ƒä¼šidå·²å­˜åœ¨'}#######[0m
[32m[2020-02-23 15:09:23,703] [logger.py:93] [logger:__console] [INFO]- ###########################æµ‹è¯•æ‰§è¡Œç»“æŸ###########################[0m
[32m[2020-02-23 15:09:23,704] [logger.py:93] [logger:__console] [INFO]- ###########################å¼€å§‹æ‰§è¡Œæµ‹è¯•###########################[0m
[32m[2020-02-23 15:09:23,712] [logger.py:93] [logger:__console] [INFO]- ######æ¥å£è¿”å›æ•°æ®:{'status': 10023, 'message': 'å‘å¸ƒä¼šåç§°å·²å­˜åœ¨'}#######[0m
[32m[2020-02-23 15:09:23,712] [logger.py:93] [logger:__console] [INFO]- ###########################æµ‹è¯•æ‰§è¡Œç»“æŸ###########################[0m
[32m[2020-02-23 15:09:23,713] [logger.py:93] [logger:__console] [INFO]- ###########################å¼€å§‹æ‰§è¡Œæµ‹è¯•###########################[0m
[32m[2020-02-23 15:09:23,723] [logger.py:93] [logger:__console] [INFO]- #########æ¥å£è¿”å›æ•°æ®:{'status': 200, 'message': 'æ·»åŠ æˆåŠŸ'}##########[0m
[32m[2020-02-23 15:09:23,724] [logger.py:93] [logger:__console] [INFO]- ###########################æµ‹è¯•æ‰§è¡Œç»“æŸ###########################[0m
[32m[2020-02-23 15:09:23,839] [logger.py:93] [logger:__console] [INFO]- ###########################å¼€å§‹æ‰§è¡Œæµ‹è¯•###########################[0m
[32m[2020-02-23 15:09:23,844] [logger.py:93] [logger:__console] [INFO]- ########æ¥å£è¿”å›æ•°æ®:{'status': 10021, 'message': 'å‚æ•°é”™è¯¯'}#########[0m
[32m[2020-02-23 15:09:23,844] [logger.py:93] [logger:__console] [INFO]- ###########################æµ‹è¯•æ‰§è¡Œç»“æŸ###########################[0m
[32m[2020-02-23 15:09:23,845] [logger.py:93] [logger:__console] [INFO]- ###########################å¼€å§‹æ‰§è¡Œæµ‹è¯•###########################[0m
[32m[2020-02-23 15:09:23,852] [logger.py:93] [logger:__console] [INFO]- ######æ¥å£è¿”å›æ•°æ®:{'status': 10022, 'message': 'å‘å¸ƒä¼šidä¸å­˜åœ¨'}#######[0m
[32m[2020-02-23 15:09:23,853] [logger.py:93] [logger:__console] [INFO]- ###########################æµ‹è¯•æ‰§è¡Œç»“æŸ###########################[0m
[32m[2020-02-23 15:09:23,854] [logger.py:93] [logger:__console] [INFO]- ###########################å¼€å§‹æ‰§è¡Œæµ‹è¯•###########################[0m
[32m[2020-02-23 15:09:23,861] [logger.py:93] [logger:__console] [INFO]- ######æ¥å£è¿”å›æ•°æ®:{'status': 10026, 'message': 'å˜‰å®¾ä¸å±äºè¯¥å‘å¸ƒä¼š'}######[0m
[32m[2020-02-23 15:09:23,862] [logger.py:93] [logger:__console] [INFO]- ###########################æµ‹è¯•æ‰§è¡Œç»“æŸ###########################[0m
[32m[2020-02-23 15:09:23,863] [logger.py:93] [logger:__console] [INFO]- ###########################å¼€å§‹æ‰§è¡Œæµ‹è¯•###########################[0m
[32m[2020-02-23 15:09:23,871] [logger.py:93] [logger:__console] [INFO]- ########æ¥å£è¿”å›æ•°æ®:{'status': 10027, 'message': 'å˜‰å®¾å·²ç­¾åˆ°'}########[0m
[32m[2020-02-23 15:09:23,872] [logger.py:93] [logger:__console] [INFO]- ###########################æµ‹è¯•æ‰§è¡Œç»“æŸ###########################[0m
[32m[2020-02-23 15:09:23,872] [logger.py:93] [logger:__console] [INFO]- ###########################å¼€å§‹æ‰§è¡Œæµ‹è¯•###########################[0m
[32m[2020-02-23 15:09:23,899] [logger.py:93] [logger:__console] [INFO]- #######æ¥å£è¿”å›æ•°æ®:{'status': 10025, 'message': 'æ‰‹æœºå·ç ä¸å­˜åœ¨'}#######[0m
[32m[2020-02-23 15:09:23,900] [logger.py:93] [logger:__console] [INFO]- ###########################æµ‹è¯•æ‰§è¡Œç»“æŸ###########################[0m
[32m[2020-02-23 15:09:23,901] [logger.py:93] [logger:__console] [INFO]- ###########################å¼€å§‹æ‰§è¡Œæµ‹è¯•###########################[0m
[32m[2020-02-23 15:09:23,908] [logger.py:93] [logger:__console] [INFO]- #######æ¥å£è¿”å›æ•°æ®:{'status': 10023, 'message': 'å‘å¸ƒä¼šæœªå¼€å¯'}########[0m
[32m[2020-02-23 15:09:23,909] [logger.py:93] [logger:__console] [INFO]- ###########################æµ‹è¯•æ‰§è¡Œç»“æŸ###########################[0m
[32m[2020-02-23 15:09:23,910] [logger.py:93] [logger:__console] [INFO]- ###########################å¼€å§‹æ‰§è¡Œæµ‹è¯•###########################[0m
[32m[2020-02-23 15:09:23,922] [logger.py:93] [logger:__console] [INFO]- #########æ¥å£è¿”å›æ•°æ®:{'status': 200, 'message': 'ç­¾åˆ°æˆåŠŸ'}##########[0m
[32m[2020-02-23 15:09:23,923] [logger.py:93] [logger:__console] [INFO]- ###########################æµ‹è¯•æ‰§è¡Œç»“æŸ###########################[0m
[32m[2020-02-23 15:09:23,923] [logger.py:93] [logger:__console] [INFO]- ###########################å¼€å§‹æ‰§è¡Œæµ‹è¯•###########################[0m
[32m[2020-02-23 15:09:23,931] [logger.py:93] [logger:__console] [INFO]- #######æ¥å£è¿”å›æ•°æ®:{'status': 10024, 'message': 'å‘å¸ƒä¼šæ—¶é—´å·²è¿‡'}#######[0m
[32m[2020-02-23 15:09:23,931] [logger.py:93] [logger:__console] [INFO]- ###########################æµ‹è¯•æ‰§è¡Œç»“æŸ###########################[0m
