[32m[2022-03-30 15:23:02,288] [logger.py:95] [logger:__console] [INFO]- ###########################å¼€å§‹æ‰§è¡Œæµ‹è¯•###########################[0m
[32m[2022-03-30 15:23:02,311] [logger.py:95] [logger:__console] [INFO]- ###########################å¼€å§‹æ‰§è¡Œæµ‹è¯•###########################[0m
[32m[2022-03-30 15:23:35,707] [logger.py:95] [logger:__console] [INFO]- ###########################å¼€å§‹æ‰§è¡Œæµ‹è¯•###########################[0m
[32m[2022-03-30 15:23:35,979] [logger.py:95] [logger:__console] [INFO]- æ¥å£è¿”å›æ•°æ®:{'code': '401', 'msg': 'æ²¡æœ‰æƒé™', 'data': None, 'success': False}[0m
[32m[2022-03-30 15:23:35,980] [logger.py:95] [logger:__console] [INFO]- ###########################æµ‹è¯•æ‰§è¡Œç»“æŸ###########################[0m
[32m[2022-03-30 15:23:35,982] [logger.py:95] [logger:__console] [INFO]- ###########################å¼€å§‹æ‰§è¡Œæµ‹è¯•###########################[0m
[32m[2022-03-30 15:23:36,027] [logger.py:95] [logger:__console] [INFO]- æ¥å£è¿”å›æ•°æ®:{'code': '401', 'msg': 'æ²¡æœ‰æƒé™', 'data': None, 'success': False}[0m
[32m[2022-03-30 15:23:36,027] [logger.py:95] [logger:__console] [INFO]- ###########################æµ‹è¯•æ‰§è¡Œç»“æŸ###########################[0m
[32m[2022-03-30 15:24:22,315] [logger.py:95] [logger:__console] [INFO]- ###########################å¼€å§‹æ‰§è¡Œæµ‹è¯•###########################[0m
[32m[2022-03-30 15:24:22,557] [logger.py:95] [logger:__console] [INFO]- æ¥å£è¿”å›æ•°æ®:{'code': '401', 'msg': 'æ²¡æœ‰æƒé™', 'data': None, 'success': False}[0m
[32m[2022-03-30 15:24:22,558] [logger.py:95] [logger:__console] [INFO]- ###########################æµ‹è¯•æ‰§è¡Œç»“æŸ###########################[0m
[32m[2022-03-30 15:24:22,559] [logger.py:95] [logger:__console] [INFO]- ###########################å¼€å§‹æ‰§è¡Œæµ‹è¯•###########################[0m
[32m[2022-03-30 15:24:22,605] [logger.py:95] [logger:__console] [INFO]- æ¥å£è¿”å›æ•°æ®:{'code': '401', 'msg': 'æ²¡æœ‰æƒé™', 'data': None, 'success': False}[0m
[32m[2022-03-30 15:24:22,605] [logger.py:95] [logger:__console] [INFO]- ###########################æµ‹è¯•æ‰§è¡Œç»“æŸ###########################[0m
[32m[2022-03-30 15:35:29,902] [logger.py:95] [logger:__console] [INFO]- ###########################å¼€å§‹æ‰§è¡Œæµ‹è¯•###########################[0m
[32m[2022-03-30 15:35:29,914] [logger.py:95] [logger:__console] [INFO]- ###########################å¼€å§‹æ‰§è¡Œæµ‹è¯•###########################[0m
[32m[2022-03-30 15:39:20,146] [logger.py:95] [logger:__console] [INFO]- ###########################å¼€å§‹æ‰§è¡Œæµ‹è¯•###########################[0m
[32m[2022-03-30 15:39:20,157] [logger.py:95] [logger:__console] [INFO]- ###########################å¼€å§‹æ‰§è¡Œæµ‹è¯•###########################[0m
[32m[2022-03-30 15:40:13,467] [logger.py:95] [logger:__console] [INFO]- ###########################å¼€å§‹æ‰§è¡Œæµ‹è¯•###########################[0m
[32m[2022-03-30 15:40:13,478] [logger.py:95] [logger:__console] [INFO]- ###########################å¼€å§‹æ‰§è¡Œæµ‹è¯•###########################[0m
[32m[2022-03-30 15:42:22,041] [logger.py:95] [logger:__console] [INFO]- ###########################å¼€å§‹æ‰§è¡Œæµ‹è¯•###########################[0m
[32m[2022-03-30 15:42:22,068] [logger.py:95] [logger:__console] [INFO]- ###########################å¼€å§‹æ‰§è¡Œæµ‹è¯•###########################[0m
[32m[2022-03-30 15:45:33,694] [logger.py:95] [logger:__console] [INFO]- ###########################å¼€å§‹æ‰§è¡Œæµ‹è¯•###########################[0m
[32m[2022-03-30 15:45:33,707] [logger.py:95] [logger:__console] [INFO]- ###########################å¼€å§‹æ‰§è¡Œæµ‹è¯•###########################[0m
[32m[2022-03-30 15:49:59,511] [logger.py:95] [logger:__console] [INFO]- ###########################å¼€å§‹æ‰§è¡Œæµ‹è¯•###########################[0m
[32m[2022-03-30 15:49:59,524] [logger.py:95] [logger:__console] [INFO]- ###########################å¼€å§‹æ‰§è¡Œæµ‹è¯•###########################[0m
[32m[2022-03-30 15:52:33,617] [logger.py:95] [logger:__console] [INFO]- ###########################å¼€å§‹æ‰§è¡Œæµ‹è¯•###########################[0m
[32m[2022-03-30 15:53:49,799] [logger.py:95] [logger:__console] [INFO]- ###########################å¼€å§‹æ‰§è¡Œæµ‹è¯•###########################[0m
[32m[2022-03-30 15:54:36,454] [logger.py:95] [logger:__console] [INFO]- ###########################å¼€å§‹æ‰§è¡Œæµ‹è¯•###########################[0m
[32m[2022-03-30 16:07:37,485] [logger.py:95] [logger:__console] [INFO]- ###########################å¼€å§‹æ‰§è¡Œæµ‹è¯•###########################[0m
[32m[2022-03-30 16:12:00,035] [logger.py:95] [logger:__console] [INFO]- ###########################å¼€å§‹æ‰§è¡Œæµ‹è¯•###########################[0m
[32m[2022-03-30 16:14:18,143] [logger.py:95] [logger:__console] [INFO]- ###########################å¼€å§‹æ‰§è¡Œæµ‹è¯•###########################[0m
[32m[2022-03-30 16:14:52,866] [logger.py:95] [logger:__console] [INFO]- ###########################å¼€å§‹æ‰§è¡Œæµ‹è¯•###########################[0m
[32m[2022-03-30 16:18:19,712] [logger.py:95] [logger:__console] [INFO]- ###########################å¼€å§‹æ‰§è¡Œæµ‹è¯•###########################[0m
[32m[2022-03-30 16:20:27,646] [logger.py:95] [logger:__console] [INFO]- ###########################å¼€å§‹æ‰§è¡Œæµ‹è¯•###########################[0m
[32m[2022-03-30 16:26:56,045] [logger.py:95] [logger:__console] [INFO]- ###########################å¼€å§‹æ‰§è¡Œæµ‹è¯•###########################[0m
[32m[2022-03-30 16:27:43,012] [logger.py:95] [logger:__console] [INFO]- ###########################å¼€å§‹æ‰§è¡Œæµ‹è¯•###########################[0m
[32m[2022-03-30 16:28:37,002] [logger.py:95] [logger:__console] [INFO]- ###########################å¼€å§‹æ‰§è¡Œæµ‹è¯•###########################[0m
[32m[2022-03-30 16:28:52,261] [logger.py:95] [logger:__console] [INFO]- ###########################å¼€å§‹æ‰§è¡Œæµ‹è¯•###########################[0m
[32m[2022-03-30 16:30:35,797] [logger.py:95] [logger:__console] [INFO]- ###########################å¼€å§‹æ‰§è¡Œæµ‹è¯•###########################[0m
[32m[2022-03-30 16:31:12,901] [logger.py:95] [logger:__console] [INFO]- ###########################å¼€å§‹æ‰§è¡Œæµ‹è¯•###########################[0m
[32m[2022-03-30 16:31:13,143] [logger.py:95] [logger:__console] [INFO]- æ¥å£è¿”å›æ•°æ®:{'code': '401', 'msg': 'æ²¡æœ‰æƒé™', 'data': None, 'success': False}[0m
[32m[2022-03-30 16:31:13,144] [logger.py:95] [logger:__console] [INFO]- ###########################æµ‹è¯•æ‰§è¡Œç»“æŸ###########################[0m
[32m[2022-03-30 16:31:56,558] [logger.py:95] [logger:__console] [INFO]- ###########################å¼€å§‹æ‰§è¡Œæµ‹è¯•###########################[0m
[32m[2022-03-30 16:31:56,794] [logger.py:95] [logger:__console] [INFO]- æ¥å£è¿”å›æ•°æ®:{'code': '200', 'msg': 'æ²¡æœ‰è·å–åˆ°æ•°æ®', 'data': None, 'success': False}[0m
[32m[2022-03-30 16:31:56,794] [logger.py:95] [logger:__console] [INFO]- ###########################æµ‹è¯•æ‰§è¡Œç»“æŸ###########################[0m
[32m[2022-03-30 16:33:12,328] [logger.py:95] [logger:__console] [INFO]- ###########################å¼€å§‹æ‰§è¡Œæµ‹è¯•###########################[0m
[32m[2022-03-30 16:33:12,563] [logger.py:95] [logger:__console] [INFO]- æ¥å£è¿”å›æ•°æ®:{'code': '200', 'msg': 'æ²¡æœ‰è·å–åˆ°æ•°æ®', 'data': None, 'success': False}[0m
[32m[2022-03-30 16:33:12,563] [logger.py:95] [logger:__console] [INFO]- ###########################æµ‹è¯•æ‰§è¡Œç»“æŸ###########################[0m
[32m[2022-03-30 16:56:38,475] [logger.py:95] [logger:__console] [INFO]- ###########################å¼€å§‹æ‰§è¡Œæµ‹è¯•###########################[0m
[32m[2022-03-30 16:56:38,758] [logger.py:95] [logger:__console] [INFO]- æ¥å£è¿”å›æ•°æ®:{'code': '200', 'msg': 'æ²¡æœ‰è·å–åˆ°æ•°æ®', 'data': None, 'success': False}[0m
[32m[2022-03-30 16:56:38,758] [logger.py:95] [logger:__console] [INFO]- ###########################æµ‹è¯•æ‰§è¡Œç»“æŸ###########################[0m
[32m[2022-03-30 16:57:18,048] [logger.py:95] [logger:__console] [INFO]- ###########################å¼€å§‹æ‰§è¡Œæµ‹è¯•###########################[0m
[32m[2022-03-30 16:57:18,285] [logger.py:95] [logger:__console] [INFO]- æ¥å£è¿”å›æ•°æ®:{'code': '200', 'msg': 'æ²¡æœ‰è·å–åˆ°æ•°æ®', 'data': None, 'success': False}[0m
[32m[2022-03-30 16:57:18,286] [logger.py:95] [logger:__console] [INFO]- ###########################æµ‹è¯•æ‰§è¡Œç»“æŸ###########################[0m
[32m[2022-03-30 16:57:48,954] [logger.py:95] [logger:__console] [INFO]- ###########################å¼€å§‹æ‰§è¡Œæµ‹è¯•###########################[0m
[32m[2022-03-30 16:57:49,205] [logger.py:95] [logger:__console] [INFO]- æ¥å£è¿”å›æ•°æ®:{'code': '200', 'msg': 'æ²¡æœ‰è·å–åˆ°æ•°æ®', 'data': None, 'success': False}[0m
[32m[2022-03-30 16:57:49,205] [logger.py:95] [logger:__console] [INFO]- ###########################æµ‹è¯•æ‰§è¡Œç»“æŸ###########################[0m
[32m[2022-03-30 16:58:21,205] [logger.py:95] [logger:__console] [INFO]- ###########################å¼€å§‹æ‰§è¡Œæµ‹è¯•###########################[0m
[32m[2022-03-30 16:58:21,476] [logger.py:95] [logger:__console] [INFO]- æ¥å£è¿”å›æ•°æ®:{'code': '200', 'msg': 'è·å–æˆåŠŸ', 'data': {'cityList': [{'cityId': 142313, 'cityName': 'æ¡‚æ—å¸‚åŒº'}, {'cityId': 3945, 'cityName': 'å´ä¸­'}, {'cityId': 142385, 'cityName': 'é•¿æ²™å¸‚åŒº'}, {'cityId': 163, 'cityName': 'éƒ‘å·'}, {'cityId': 3822, 'cityName': 'é«˜æ˜'}, {'cityId': 142329, 'cityName': 'æµ·å£å¸‚åŒº'}, {'cityId': 142257, 'cityName': 'æ·®åŒ—å¸‚åŒº'}, {'cityId': 68, 'cityName': 'é…’æ³‰'}, {'cityId': 521, 'cityName': 'é–æ±Ÿ'}, {'cityId': 999, 'cityName': 'å¼€é˜³'}, {'cityId': 3665, 'cityName': 'åŸ‡æ¡¥'}, {'cityId': 239, 'cityName': 'å—æ˜Œ'}, {'cityId': 224, 'cityName': 'å—äº¬'}, {'cityId': 928, 'cityName': 'é˜³æœ”'}, {'cityId': 514, 'cityName': 'å¼ å®¶æ¸¯'}], 'stationList': [{'stationName': 'åŒ—æå¹¿åœº', 'stationId': 26835, 'cityName': 'æ¡‚æ—å¸‚åŒº', 'cityId': 142313}, {'stationName': 'æµ‹è¯•dd', 'stationId': 60568, 'cityName': 'å´ä¸­', 'cityId': 3945}, {'stationName': 'é•¿æ²™', 'stationId': 59334, 'cityName': 'é•¿æ²™å¸‚åŒº', 'cityId': 142385}, {'stationName': 'ä¸œå°ç«è½¦ç«™', 'stationId': 665, 'cityName': 'éƒ‘å·', 'cityId': 163}, {'stationName': 'è§‚éŸ³é˜', 'stationId': 26836, 'cityName': 'æ¡‚æ—å¸‚åŒº', 'cityId': 142313}, {'stationName': 'å¹¿ä¸œèŒä¸šæŠ€æœ¯å­¦é™¢(é«˜æ˜æ ¡åŒº)', 'stationId': 469, 'cityName': 'é«˜æ˜', 'cityId': 3822}, {'stationName': 'æ¡‚å®¢åŒ—ç«™', 'stationId': 23029, 'cityName': 'æ¡‚æ—å¸‚åŒº', 'cityId': 142313}, {'stationName': 'æµ·å—å¸ˆèŒƒå¤§å­¦ï¼ˆä¸Šè½¦ç‚¹ï¼‰', 'stationId': 31965, 'cityName': 'æµ·å£å¸‚åŒº', 'cityId': 142329}, {'stationName': 'æ·®åŒ—', 'stationId': 59133, 'cityName': 'æ·®åŒ—å¸‚åŒº', 'cityId': 142257}, {'stationName': 'é‡‘å¡”èƒ¡æ¨æ—æ™¯åŒº', 'stationId': 7029, 'cityName': 'é…’æ³‰', 'cityId': 68}, {'stationName': 'é–æ±Ÿäººæ°‘åŒ»é™¢', 'stationId': 332, 'cityName': 'é–æ±Ÿ', 'cityId': 521}, {'stationName': 'é–æ±Ÿå¸‚ä½“è‚²ä¸­å¿ƒ', 'stationId': 333, 'cityName': 'é–æ±Ÿ', 'cityId': 521}, {'stationName': 'é…’æ³‰æµ‹è¯•å®¢è¿ç«™', 'stationId': 27875, 'cityName': 'é…’æ³‰', 'cityId': 68}, {'stationName': 'é…’æ³‰å¸‚æœå›­é•‡', 'stationId': 7829, 'cityName': 'é…’æ³‰', 'cityId': 68}, {'stationName': 'é…’æ³‰ä¸­å­¦', 'stationId': 7912, 'cityName': 'é…’æ³‰', 'cityId': 68}, {'stationName': 'å¼€é˜³ç«è½¦ç«™', 'stationId': 60497, 'cityName': 'å¼€é˜³', 'cityId': 999}, {'stationName': 'èŠ¦å²­', 'stationId': 59134, 'cityName': 'åŸ‡æ¡¥', 'cityId': 3665}, {'stationName': 'å—æ˜Œé«˜é“è¥¿ç«™æ±½è½¦ç«™', 'stationId': 365, 'cityName': 'å—æ˜Œ', 'cityId': 239}, {'stationName': 'å—äº¬çº¢å±±æ±½è½¦ç«™', 'stationId': 31814, 'cityName': 'å—äº¬', 'cityId': 224}, {'stationName': 'å—äº¬å¸‚åŒº', 'stationId': 29984, 'cityName': 'å—äº¬', 'cityId': 224}, {'stationName': 'å—æºªåŒ»é™¢', 'stationId': 8230, 'cityName': 'æ¡‚æ—å¸‚åŒº', 'cityId': 142313}, {'stationName': 'å¹³å®‰å±…ï¼ˆä»“åè¡—ï¼‰', 'stationId': 11547, 'cityName': 'é…’æ³‰', 'cityId': 68}, {'stationName': 'æ±½è½¦æ€»ç«™æ—§å€', 'stationId': 23028, 'cityName': 'æ¡‚æ—å¸‚åŒº', 'cityId': 142313}, {'stationName': 'åŒç¨‹æ—…è¡Œå¤§å¦', 'stationId': 22693, 'cityName': 'å´ä¸­', 'cityId': 3945}, {'stationName': 'é˜³æœ”ç™½æ²™é•‡', 'stationId': 382, 'cityName': 'é˜³æœ”', 'cityId': 928}, {'stationName': 'å¼ å®¶æ¸¯æ±½è½¦å®¢è¿ç«™', 'stationId': 31817, 'cityName': 'å¼ å®¶æ¸¯', 'cityId': 514}], 'cityStationList': None}, 'success': True}[0m
[32m[2022-03-30 16:58:21,484] [logger.py:95] [logger:__console] [INFO]- ###########################æµ‹è¯•æ‰§è¡Œç»“æŸ###########################[0m
